<?xml version="1.0" encoding="UTF-8"?>
<testsuite xmlns:xsi="http://www.w3.org/2001/XMLSchema-instance" xsi:noNamespaceSchemaLocation="https://maven.apache.org/surefire/maven-surefire-plugin/xsd/surefire-test-report-3.0.xsd" version="3.0" name="Tests.ExtraFields.ExtraFieldsTests" time="247.953" tests="4" errors="0" skipped="0" failures="0">
  <properties>
    <property name="gopherProxySet" value="false"/>
    <property name="awt.toolkit" value="sun.lwawt.macosx.LWCToolkit"/>
    <property name="file.encoding.pkg" value="sun.io"/>
    <property name="java.specification.version" value="1.8"/>
    <property name="webdriver.chrome.driver" value="/Users/dmitry.nahliuk/Projects/foxmindcourse/src/main/resources/lib/driverMac/chromedriver"/>
    <property name="sun.cpu.isalist" value=""/>
    <property name="sun.jnu.encoding" value="UTF-8"/>
    <property name="java.class.path" value="/Users/dmitry.nahliuk/Projects/foxmindcourse/target/test-classes:/Users/dmitry.nahliuk/Projects/foxmindcourse/target/classes:/Users/dmitry.nahliuk/.m2/repository/org/seleniumhq/selenium/selenium-java/3.141.59/selenium-java-3.141.59.jar:/Users/dmitry.nahliuk/.m2/repository/org/seleniumhq/selenium/selenium-api/3.141.59/selenium-api-3.141.59.jar:/Users/dmitry.nahliuk/.m2/repository/org/seleniumhq/selenium/selenium-chrome-driver/3.141.59/selenium-chrome-driver-3.141.59.jar:/Users/dmitry.nahliuk/.m2/repository/org/seleniumhq/selenium/selenium-edge-driver/3.141.59/selenium-edge-driver-3.141.59.jar:/Users/dmitry.nahliuk/.m2/repository/org/seleniumhq/selenium/selenium-firefox-driver/3.141.59/selenium-firefox-driver-3.141.59.jar:/Users/dmitry.nahliuk/.m2/repository/org/seleniumhq/selenium/selenium-ie-driver/3.141.59/selenium-ie-driver-3.141.59.jar:/Users/dmitry.nahliuk/.m2/repository/org/seleniumhq/selenium/selenium-opera-driver/3.141.59/selenium-opera-driver-3.141.59.jar:/Users/dmitry.nahliuk/.m2/repository/org/seleniumhq/selenium/selenium-remote-driver/3.141.59/selenium-remote-driver-3.141.59.jar:/Users/dmitry.nahliuk/.m2/repository/org/seleniumhq/selenium/selenium-safari-driver/3.141.59/selenium-safari-driver-3.141.59.jar:/Users/dmitry.nahliuk/.m2/repository/org/seleniumhq/selenium/selenium-support/3.141.59/selenium-support-3.141.59.jar:/Users/dmitry.nahliuk/.m2/repository/net/bytebuddy/byte-buddy/1.8.15/byte-buddy-1.8.15.jar:/Users/dmitry.nahliuk/.m2/repository/org/apache/commons/commons-exec/1.3/commons-exec-1.3.jar:/Users/dmitry.nahliuk/.m2/repository/com/google/guava/guava/25.0-jre/guava-25.0-jre.jar:/Users/dmitry.nahliuk/.m2/repository/com/google/code/findbugs/jsr305/1.3.9/jsr305-1.3.9.jar:/Users/dmitry.nahliuk/.m2/repository/org/checkerframework/checker-compat-qual/2.0.0/checker-compat-qual-2.0.0.jar:/Users/dmitry.nahliuk/.m2/repository/com/google/errorprone/error_prone_annotations/2.1.3/error_prone_annotations-2.1.3.jar:/Users/dmitry.nahliuk/.m2/repository/com/google/j2objc/j2objc-annotations/1.1/j2objc-annotations-1.1.jar:/Users/dmitry.nahliuk/.m2/repository/org/codehaus/mojo/animal-sniffer-annotations/1.14/animal-sniffer-annotations-1.14.jar:/Users/dmitry.nahliuk/.m2/repository/com/squareup/okhttp3/okhttp/3.11.0/okhttp-3.11.0.jar:/Users/dmitry.nahliuk/.m2/repository/com/squareup/okio/okio/1.14.0/okio-1.14.0.jar:/Users/dmitry.nahliuk/.m2/repository/io/github/bonigarcia/selenium-jupiter/3.3.4/selenium-jupiter-3.3.4.jar:/Users/dmitry.nahliuk/.m2/repository/io/appium/java-client/7.0.0/java-client-7.0.0.jar:/Users/dmitry.nahliuk/.m2/repository/cglib/cglib/3.2.8/cglib-3.2.8.jar:/Users/dmitry.nahliuk/.m2/repository/org/ow2/asm/asm/6.2.1/asm-6.2.1.jar:/Users/dmitry.nahliuk/.m2/repository/org/apache/ant/ant/1.10.3/ant-1.10.3.jar:/Users/dmitry.nahliuk/.m2/repository/org/apache/ant/ant-launcher/1.10.3/ant-launcher-1.10.3.jar:/Users/dmitry.nahliuk/.m2/repository/commons-validator/commons-validator/1.6/commons-validator-1.6.jar:/Users/dmitry.nahliuk/.m2/repository/commons-beanutils/commons-beanutils/1.9.2/commons-beanutils-1.9.2.jar:/Users/dmitry.nahliuk/.m2/repository/commons-digester/commons-digester/1.8.1/commons-digester-1.8.1.jar:/Users/dmitry.nahliuk/.m2/repository/commons-collections/commons-collections/3.2.2/commons-collections-3.2.2.jar:/Users/dmitry.nahliuk/.m2/repository/org/springframework/spring-context/5.1.0.RELEASE/spring-context-5.1.0.RELEASE.jar:/Users/dmitry.nahliuk/.m2/repository/org/springframework/spring-aop/5.1.0.RELEASE/spring-aop-5.1.0.RELEASE.jar:/Users/dmitry.nahliuk/.m2/repository/org/springframework/spring-beans/5.1.0.RELEASE/spring-beans-5.1.0.RELEASE.jar:/Users/dmitry.nahliuk/.m2/repository/org/springframework/spring-core/5.1.0.RELEASE/spring-core-5.1.0.RELEASE.jar:/Users/dmitry.nahliuk/.m2/repository/org/springframework/spring-jcl/5.1.0.RELEASE/spring-jcl-5.1.0.RELEASE.jar:/Users/dmitry.nahliuk/.m2/repository/org/springframework/spring-expression/5.1.0.RELEASE/spring-expression-5.1.0.RELEASE.jar:/Users/dmitry.nahliuk/.m2/repository/org/aspectj/aspectjweaver/1.9.1/aspectjweaver-1.9.1.jar:/Users/dmitry.nahliuk/.m2/repository/com/spotify/docker-client/8.16.0/docker-client-8.16.0.jar:/Users/dmitry.nahliuk/.m2/repository/com/fasterxml/jackson/jaxrs/jackson-jaxrs-json-provider/2.9.8/jackson-jaxrs-json-provider-2.9.8.jar:/Users/dmitry.nahliuk/.m2/repository/com/fasterxml/jackson/jaxrs/jackson-jaxrs-base/2.9.8/jackson-jaxrs-base-2.9.8.jar:/Users/dmitry.nahliuk/.m2/repository/com/fasterxml/jackson/module/jackson-module-jaxb-annotations/2.9.8/jackson-module-jaxb-annotations-2.9.8.jar:/Users/dmitry.nahliuk/.m2/repository/com/fasterxml/jackson/datatype/jackson-datatype-guava/2.9.8/jackson-datatype-guava-2.9.8.jar:/Users/dmitry.nahliuk/.m2/repository/com/fasterxml/jackson/core/jackson-core/2.9.8/jackson-core-2.9.8.jar:/Users/dmitry.nahliuk/.m2/repository/com/fasterxml/jackson/core/jackson-databind/2.9.8/jackson-databind-2.9.8.jar:/Users/dmitry.nahliuk/.m2/repository/com/fasterxml/jackson/core/jackson-annotations/2.9.0/jackson-annotations-2.9.0.jar:/Users/dmitry.nahliuk/.m2/repository/org/glassfish/jersey/core/jersey-client/2.22.2/jersey-client-2.22.2.jar:/Users/dmitry.nahliuk/.m2/repository/javax/ws/rs/javax.ws.rs-api/2.0.1/javax.ws.rs-api-2.0.1.jar:/Users/dmitry.nahliuk/.m2/repository/org/glassfish/jersey/core/jersey-common/2.22.2/jersey-common-2.22.2.jar:/Users/dmitry.nahliuk/.m2/repository/javax/annotation/javax.annotation-api/1.2/javax.annotation-api-1.2.jar:/Users/dmitry.nahliuk/.m2/repository/org/glassfish/jersey/bundles/repackaged/jersey-guava/2.22.2/jersey-guava-2.22.2.jar:/Users/dmitry.nahliuk/.m2/repository/org/glassfish/hk2/osgi-resource-locator/1.0.1/osgi-resource-locator-1.0.1.jar:/Users/dmitry.nahliuk/.m2/repository/org/glassfish/hk2/hk2-api/2.4.0-b34/hk2-api-2.4.0-b34.jar:/Users/dmitry.nahliuk/.m2/repository/org/glassfish/hk2/hk2-utils/2.4.0-b34/hk2-utils-2.4.0-b34.jar:/Users/dmitry.nahliuk/.m2/repository/org/glassfish/hk2/external/aopalliance-repackaged/2.4.0-b34/aopalliance-repackaged-2.4.0-b34.jar:/Users/dmitry.nahliuk/.m2/repository/org/glassfish/hk2/external/javax.inject/2.4.0-b34/javax.inject-2.4.0-b34.jar:/Users/dmitry.nahliuk/.m2/repository/org/glassfish/hk2/hk2-locator/2.4.0-b34/hk2-locator-2.4.0-b34.jar:/Users/dmitry.nahliuk/.m2/repository/org/glassfish/jersey/connectors/jersey-apache-connector/2.22.2/jersey-apache-connector-2.22.2.jar:/Users/dmitry.nahliuk/.m2/repository/org/glassfish/jersey/media/jersey-media-json-jackson/2.22.2/jersey-media-json-jackson-2.22.2.jar:/Users/dmitry.nahliuk/.m2/repository/org/glassfish/jersey/ext/jersey-entity-filtering/2.22.2/jersey-entity-filtering-2.22.2.jar:/Users/dmitry.nahliuk/.m2/repository/javax/activation/activation/1.1/activation-1.1.jar:/Users/dmitry.nahliuk/.m2/repository/org/apache/commons/commons-compress/1.18/commons-compress-1.18.jar:/Users/dmitry.nahliuk/.m2/repository/org/apache/httpcomponents/httpcore/4.4.5/httpcore-4.4.5.jar:/Users/dmitry.nahliuk/.m2/repository/com/github/jnr/jnr-unixsocket/0.18/jnr-unixsocket-0.18.jar:/Users/dmitry.nahliuk/.m2/repository/com/github/jnr/jnr-ffi/2.1.4/jnr-ffi-2.1.4.jar:/Users/dmitry.nahliuk/.m2/repository/com/github/jnr/jffi/1.2.15/jffi-1.2.15.jar:/Users/dmitry.nahliuk/.m2/repository/com/github/jnr/jffi/1.2.15/jffi-1.2.15-native.jar:/Users/dmitry.nahliuk/.m2/repository/org/ow2/asm/asm-commons/5.0.3/asm-commons-5.0.3.jar:/Users/dmitry.nahliuk/.m2/repository/org/ow2/asm/asm-analysis/5.0.3/asm-analysis-5.0.3.jar:/Users/dmitry.nahliuk/.m2/repository/org/ow2/asm/asm-tree/5.0.3/asm-tree-5.0.3.jar:/Users/dmitry.nahliuk/.m2/repository/org/ow2/asm/asm-util/5.0.3/asm-util-5.0.3.jar:/Users/dmitry.nahliuk/.m2/repository/com/github/jnr/jnr-x86asm/1.0.2/jnr-x86asm-1.0.2.jar:/Users/dmitry.nahliuk/.m2/repository/com/github/jnr/jnr-constants/0.9.8/jnr-constants-0.9.8.jar:/Users/dmitry.nahliuk/.m2/repository/com/github/jnr/jnr-enxio/0.16/jnr-enxio-0.16.jar:/Users/dmitry.nahliuk/.m2/repository/com/github/jnr/jnr-posix/3.0.35/jnr-posix-3.0.35.jar:/Users/dmitry.nahliuk/.m2/repository/commons-lang/commons-lang/2.6/commons-lang-2.6.jar:/Users/dmitry.nahliuk/.m2/repository/org/bouncycastle/bcpkix-jdk15on/1.60/bcpkix-jdk15on-1.60.jar:/Users/dmitry.nahliuk/.m2/repository/org/bouncycastle/bcprov-jdk15on/1.60/bcprov-jdk15on-1.60.jar:/Users/dmitry.nahliuk/.m2/repository/com/codeborne/phantomjsdriver/1.4.4/phantomjsdriver-1.4.4.jar:/Users/dmitry.nahliuk/.m2/repository/com/codeborne/selenide/5.6.0/selenide-5.6.0.jar:/Users/dmitry.nahliuk/.m2/repository/com/browserup/browserup-proxy-core/2.0.1/browserup-proxy-core-2.0.1.jar:/Users/dmitry.nahliuk/.m2/repository/com/browserup/browserup-proxy-mitm/2.0.1/browserup-proxy-mitm-2.0.1.jar:/Users/dmitry.nahliuk/.m2/repository/javax/xml/bind/jaxb-api/2.3.1/jaxb-api-2.3.1.jar:/Users/dmitry.nahliuk/.m2/repository/javax/activation/javax.activation-api/1.2.0/javax.activation-api-1.2.0.jar:/Users/dmitry.nahliuk/.m2/repository/com/jcraft/jzlib/1.1.3/jzlib-1.1.3.jar:/Users/dmitry.nahliuk/.m2/repository/dnsjava/dnsjava/2.1.9/dnsjava-2.1.9.jar:/Users/dmitry.nahliuk/.m2/repository/io/netty/netty-all/4.1.39.Final/netty-all-4.1.39.Final.jar:/Users/dmitry.nahliuk/.m2/repository/org/brotli/dec/0.1.2/dec-0.1.2.jar:/Users/dmitry.nahliuk/.m2/repository/org/javassist/javassist/3.25.0-GA/javassist-3.25.0-GA.jar:/Users/dmitry.nahliuk/.m2/repository/org/slf4j/jcl-over-slf4j/1.7.28/jcl-over-slf4j-1.7.28.jar:/Users/dmitry.nahliuk/.m2/repository/io/netty/netty-codec/4.1.42.Final/netty-codec-4.1.42.Final.jar:/Users/dmitry.nahliuk/.m2/repository/io/netty/netty-common/4.1.42.Final/netty-common-4.1.42.Final.jar:/Users/dmitry.nahliuk/.m2/repository/io/netty/netty-buffer/4.1.42.Final/netty-buffer-4.1.42.Final.jar:/Users/dmitry.nahliuk/.m2/repository/io/netty/netty-transport/4.1.42.Final/netty-transport-4.1.42.Final.jar:/Users/dmitry.nahliuk/.m2/repository/io/netty/netty-resolver/4.1.42.Final/netty-resolver-4.1.42.Final.jar:/Users/dmitry.nahliuk/.m2/repository/xyz/rogfam/littleproxy/2.0.0-beta-5/littleproxy-2.0.0-beta-5.jar:/Users/dmitry.nahliuk/.m2/repository/com/barchart/udt/barchart-udt-bundle/2.3.0/barchart-udt-bundle-2.3.0.jar:/Users/dmitry.nahliuk/.m2/repository/org/seleniumhq/selenium/htmlunit-driver/2.36.0/htmlunit-driver-2.36.0.jar:/Users/dmitry.nahliuk/.m2/repository/net/sourceforge/htmlunit/htmlunit/2.36.0/htmlunit-2.36.0.jar:/Users/dmitry.nahliuk/.m2/repository/xalan/xalan/2.7.2/xalan-2.7.2.jar:/Users/dmitry.nahliuk/.m2/repository/xalan/serializer/2.7.2/serializer-2.7.2.jar:/Users/dmitry.nahliuk/.m2/repository/org/apache/commons/commons-text/1.7/commons-text-1.7.jar:/Users/dmitry.nahliuk/.m2/repository/org/apache/httpcomponents/httpmime/4.5.9/httpmime-4.5.9.jar:/Users/dmitry.nahliuk/.m2/repository/net/sourceforge/htmlunit/htmlunit-core-js/2.36.0/htmlunit-core-js-2.36.0.jar:/Users/dmitry.nahliuk/.m2/repository/net/sourceforge/htmlunit/neko-htmlunit/2.36.0/neko-htmlunit-2.36.0.jar:/Users/dmitry.nahliuk/.m2/repository/xerces/xercesImpl/2.12.0/xercesImpl-2.12.0.jar:/Users/dmitry.nahliuk/.m2/repository/xml-apis/xml-apis/1.4.01/xml-apis-1.4.01.jar:/Users/dmitry.nahliuk/.m2/repository/net/sourceforge/htmlunit/htmlunit-cssparser/1.5.0/htmlunit-cssparser-1.5.0.jar:/Users/dmitry.nahliuk/.m2/repository/commons-net/commons-net/3.6/commons-net-3.6.jar:/Users/dmitry.nahliuk/.m2/repository/org/eclipse/jetty/websocket/websocket-client/9.4.20.v20190813/websocket-client-9.4.20.v20190813.jar:/Users/dmitry.nahliuk/.m2/repository/org/eclipse/jetty/jetty-client/9.4.20.v20190813/jetty-client-9.4.20.v20190813.jar:/Users/dmitry.nahliuk/.m2/repository/org/eclipse/jetty/jetty-http/9.4.20.v20190813/jetty-http-9.4.20.v20190813.jar:/Users/dmitry.nahliuk/.m2/repository/org/eclipse/jetty/jetty-xml/9.4.20.v20190813/jetty-xml-9.4.20.v20190813.jar:/Users/dmitry.nahliuk/.m2/repository/org/eclipse/jetty/jetty-util/9.4.20.v20190813/jetty-util-9.4.20.v20190813.jar:/Users/dmitry.nahliuk/.m2/repository/org/eclipse/jetty/jetty-io/9.4.20.v20190813/jetty-io-9.4.20.v20190813.jar:/Users/dmitry.nahliuk/.m2/repository/org/eclipse/jetty/websocket/websocket-common/9.4.20.v20190813/websocket-common-9.4.20.v20190813.jar:/Users/dmitry.nahliuk/.m2/repository/org/eclipse/jetty/websocket/websocket-api/9.4.20.v20190813/websocket-api-9.4.20.v20190813.jar:/Users/dmitry.nahliuk/.m2/repository/org/slf4j/slf4j-api/1.7.25/slf4j-api-1.7.25.jar:/Users/dmitry.nahliuk/.m2/repository/ch/qos/logback/logback-classic/1.2.3/logback-classic-1.2.3.jar:/Users/dmitry.nahliuk/.m2/repository/ch/qos/logback/logback-core/1.2.3/logback-core-1.2.3.jar:/Users/dmitry.nahliuk/.m2/repository/com/squareup/retrofit2/retrofit/2.5.0/retrofit-2.5.0.jar:/Users/dmitry.nahliuk/.m2/repository/com/squareup/retrofit2/adapter-rxjava/2.5.0/adapter-rxjava-2.5.0.jar:/Users/dmitry.nahliuk/.m2/repository/io/reactivex/rxjava/1.3.0/rxjava-1.3.0.jar:/Users/dmitry.nahliuk/.m2/repository/com/squareup/retrofit2/converter-gson/2.5.0/converter-gson-2.5.0.jar:/Users/dmitry.nahliuk/.m2/repository/io/github/bonigarcia/webdrivermanager/3.7.1/webdrivermanager-3.7.1.jar:/Users/dmitry.nahliuk/.m2/repository/com/google/code/gson/gson/2.8.5/gson-2.8.5.jar:/Users/dmitry.nahliuk/.m2/repository/org/apache/commons/commons-lang3/3.8.1/commons-lang3-3.8.1.jar:/Users/dmitry.nahliuk/.m2/repository/org/apache/httpcomponents/httpclient/4.5.6/httpclient-4.5.6.jar:/Users/dmitry.nahliuk/.m2/repository/commons-logging/commons-logging/1.2/commons-logging-1.2.jar:/Users/dmitry.nahliuk/.m2/repository/commons-codec/commons-codec/1.10/commons-codec-1.10.jar:/Users/dmitry.nahliuk/.m2/repository/org/rauschig/jarchivelib/1.0.0/jarchivelib-1.0.0.jar:/Users/dmitry.nahliuk/.m2/repository/org/jsoup/jsoup/1.11.3/jsoup-1.11.3.jar:/Users/dmitry.nahliuk/.m2/repository/log4j/log4j/1.2.17/log4j-1.2.17.jar:/Users/dmitry.nahliuk/.m2/repository/org/junit/jupiter/junit-jupiter-api/5.6.1/junit-jupiter-api-5.6.1.jar:/Users/dmitry.nahliuk/.m2/repository/org/apiguardian/apiguardian-api/1.1.0/apiguardian-api-1.1.0.jar:/Users/dmitry.nahliuk/.m2/repository/org/junit/platform/junit-platform-commons/1.6.1/junit-platform-commons-1.6.1.jar:/Users/dmitry.nahliuk/.m2/repository/org/junit/jupiter/junit-jupiter-engine/5.6.1/junit-jupiter-engine-5.6.1.jar:/Users/dmitry.nahliuk/.m2/repository/org/junit/platform/junit-platform-engine/1.6.0/junit-platform-engine-1.6.0.jar:/Users/dmitry.nahliuk/.m2/repository/org/junit/platform/junit-platform-suite-api/1.6.0/junit-platform-suite-api-1.6.0.jar:/Users/dmitry.nahliuk/.m2/repository/org/junit/platform/junit-platform-runner/1.6.0/junit-platform-runner-1.6.0.jar:/Users/dmitry.nahliuk/.m2/repository/junit/junit/4.13/junit-4.13.jar:/Users/dmitry.nahliuk/.m2/repository/org/hamcrest/hamcrest-core/1.3/hamcrest-core-1.3.jar:/Users/dmitry.nahliuk/.m2/repository/org/junit/platform/junit-platform-launcher/1.6.0/junit-platform-launcher-1.6.0.jar:/Users/dmitry.nahliuk/.m2/repository/org/opentest4j/opentest4j/1.2.0/opentest4j-1.2.0.jar:/Users/dmitry.nahliuk/.m2/repository/io/qameta/allure/allure-junit5/2.9.0/allure-junit5-2.9.0.jar:/Users/dmitry.nahliuk/.m2/repository/io/qameta/allure/allure-junit-platform/2.9.0/allure-junit-platform-2.9.0.jar:/Users/dmitry.nahliuk/.m2/repository/io/qameta/allure/allure-java-commons/2.9.0/allure-java-commons-2.9.0.jar:/Users/dmitry.nahliuk/.m2/repository/io/qameta/allure/allure-model/2.9.0/allure-model-2.9.0.jar:/Users/dmitry.nahliuk/.m2/repository/org/apache/tika/tika-core/1.19.1/tika-core-1.19.1.jar:/Users/dmitry.nahliuk/.m2/repository/org/aspectj/aspectjrt/1.9.1/aspectjrt-1.9.1.jar:/Users/dmitry.nahliuk/.m2/repository/org/jooq/joor-java-8/0.9.9/joor-java-8-0.9.9.jar:/Users/dmitry.nahliuk/.m2/repository/org/postgresql/postgresql/42.2.8/postgresql-42.2.8.jar:/Users/dmitry.nahliuk/.m2/repository/commons-io/commons-io/2.6/commons-io-2.6.jar:"/>
    <property name="java.vm.vendor" value="Oracle Corporation"/>
    <property name="sun.arch.data.model" value="64"/>
    <property name="java.vendor.url" value="http://java.oracle.com/"/>
    <property name="user.timezone" value="Europe/Kiev"/>
    <property name="user.country.format" value="UA"/>
    <property name="java.vm.specification.version" value="1.8"/>
    <property name="os.name" value="Mac OS X"/>
    <property name="LOGIN" value="qa_user"/>
    <property name="user.country" value="GB"/>
    <property name="sun.java.launcher" value="SUN_STANDARD"/>
    <property name="sun.boot.library.path" value="/Library/Java/JavaVirtualMachines/jdk1.8.0_231.jdk/Contents/Home/jre/lib"/>
    <property name="sun.java.command" value="/Users/dmitry.nahliuk/Projects/foxmindcourse/target/surefire/surefirebooter1529159371780483056.jar /Users/dmitry.nahliuk/Projects/foxmindcourse/target/surefire 2020-04-02T16-29-52_445-jvmRun1 surefire3070755891489983950tmp surefire_01368401824267260919tmp"/>
    <property name="http.nonProxyHosts" value="local|*.local|169.254/16|*.169.254/16"/>
    <property name="surefire.test.class.path" value="/Users/dmitry.nahliuk/Projects/foxmindcourse/target/test-classes:/Users/dmitry.nahliuk/Projects/foxmindcourse/target/classes:/Users/dmitry.nahliuk/.m2/repository/org/seleniumhq/selenium/selenium-java/3.141.59/selenium-java-3.141.59.jar:/Users/dmitry.nahliuk/.m2/repository/org/seleniumhq/selenium/selenium-api/3.141.59/selenium-api-3.141.59.jar:/Users/dmitry.nahliuk/.m2/repository/org/seleniumhq/selenium/selenium-chrome-driver/3.141.59/selenium-chrome-driver-3.141.59.jar:/Users/dmitry.nahliuk/.m2/repository/org/seleniumhq/selenium/selenium-edge-driver/3.141.59/selenium-edge-driver-3.141.59.jar:/Users/dmitry.nahliuk/.m2/repository/org/seleniumhq/selenium/selenium-firefox-driver/3.141.59/selenium-firefox-driver-3.141.59.jar:/Users/dmitry.nahliuk/.m2/repository/org/seleniumhq/selenium/selenium-ie-driver/3.141.59/selenium-ie-driver-3.141.59.jar:/Users/dmitry.nahliuk/.m2/repository/org/seleniumhq/selenium/selenium-opera-driver/3.141.59/selenium-opera-driver-3.141.59.jar:/Users/dmitry.nahliuk/.m2/repository/org/seleniumhq/selenium/selenium-remote-driver/3.141.59/selenium-remote-driver-3.141.59.jar:/Users/dmitry.nahliuk/.m2/repository/org/seleniumhq/selenium/selenium-safari-driver/3.141.59/selenium-safari-driver-3.141.59.jar:/Users/dmitry.nahliuk/.m2/repository/org/seleniumhq/selenium/selenium-support/3.141.59/selenium-support-3.141.59.jar:/Users/dmitry.nahliuk/.m2/repository/net/bytebuddy/byte-buddy/1.8.15/byte-buddy-1.8.15.jar:/Users/dmitry.nahliuk/.m2/repository/org/apache/commons/commons-exec/1.3/commons-exec-1.3.jar:/Users/dmitry.nahliuk/.m2/repository/com/google/guava/guava/25.0-jre/guava-25.0-jre.jar:/Users/dmitry.nahliuk/.m2/repository/com/google/code/findbugs/jsr305/1.3.9/jsr305-1.3.9.jar:/Users/dmitry.nahliuk/.m2/repository/org/checkerframework/checker-compat-qual/2.0.0/checker-compat-qual-2.0.0.jar:/Users/dmitry.nahliuk/.m2/repository/com/google/errorprone/error_prone_annotations/2.1.3/error_prone_annotations-2.1.3.jar:/Users/dmitry.nahliuk/.m2/repository/com/google/j2objc/j2objc-annotations/1.1/j2objc-annotations-1.1.jar:/Users/dmitry.nahliuk/.m2/repository/org/codehaus/mojo/animal-sniffer-annotations/1.14/animal-sniffer-annotations-1.14.jar:/Users/dmitry.nahliuk/.m2/repository/com/squareup/okhttp3/okhttp/3.11.0/okhttp-3.11.0.jar:/Users/dmitry.nahliuk/.m2/repository/com/squareup/okio/okio/1.14.0/okio-1.14.0.jar:/Users/dmitry.nahliuk/.m2/repository/io/github/bonigarcia/selenium-jupiter/3.3.4/selenium-jupiter-3.3.4.jar:/Users/dmitry.nahliuk/.m2/repository/io/appium/java-client/7.0.0/java-client-7.0.0.jar:/Users/dmitry.nahliuk/.m2/repository/cglib/cglib/3.2.8/cglib-3.2.8.jar:/Users/dmitry.nahliuk/.m2/repository/org/ow2/asm/asm/6.2.1/asm-6.2.1.jar:/Users/dmitry.nahliuk/.m2/repository/org/apache/ant/ant/1.10.3/ant-1.10.3.jar:/Users/dmitry.nahliuk/.m2/repository/org/apache/ant/ant-launcher/1.10.3/ant-launcher-1.10.3.jar:/Users/dmitry.nahliuk/.m2/repository/commons-validator/commons-validator/1.6/commons-validator-1.6.jar:/Users/dmitry.nahliuk/.m2/repository/commons-beanutils/commons-beanutils/1.9.2/commons-beanutils-1.9.2.jar:/Users/dmitry.nahliuk/.m2/repository/commons-digester/commons-digester/1.8.1/commons-digester-1.8.1.jar:/Users/dmitry.nahliuk/.m2/repository/commons-collections/commons-collections/3.2.2/commons-collections-3.2.2.jar:/Users/dmitry.nahliuk/.m2/repository/org/springframework/spring-context/5.1.0.RELEASE/spring-context-5.1.0.RELEASE.jar:/Users/dmitry.nahliuk/.m2/repository/org/springframework/spring-aop/5.1.0.RELEASE/spring-aop-5.1.0.RELEASE.jar:/Users/dmitry.nahliuk/.m2/repository/org/springframework/spring-beans/5.1.0.RELEASE/spring-beans-5.1.0.RELEASE.jar:/Users/dmitry.nahliuk/.m2/repository/org/springframework/spring-core/5.1.0.RELEASE/spring-core-5.1.0.RELEASE.jar:/Users/dmitry.nahliuk/.m2/repository/org/springframework/spring-jcl/5.1.0.RELEASE/spring-jcl-5.1.0.RELEASE.jar:/Users/dmitry.nahliuk/.m2/repository/org/springframework/spring-expression/5.1.0.RELEASE/spring-expression-5.1.0.RELEASE.jar:/Users/dmitry.nahliuk/.m2/repository/org/aspectj/aspectjweaver/1.9.1/aspectjweaver-1.9.1.jar:/Users/dmitry.nahliuk/.m2/repository/com/spotify/docker-client/8.16.0/docker-client-8.16.0.jar:/Users/dmitry.nahliuk/.m2/repository/com/fasterxml/jackson/jaxrs/jackson-jaxrs-json-provider/2.9.8/jackson-jaxrs-json-provider-2.9.8.jar:/Users/dmitry.nahliuk/.m2/repository/com/fasterxml/jackson/jaxrs/jackson-jaxrs-base/2.9.8/jackson-jaxrs-base-2.9.8.jar:/Users/dmitry.nahliuk/.m2/repository/com/fasterxml/jackson/module/jackson-module-jaxb-annotations/2.9.8/jackson-module-jaxb-annotations-2.9.8.jar:/Users/dmitry.nahliuk/.m2/repository/com/fasterxml/jackson/datatype/jackson-datatype-guava/2.9.8/jackson-datatype-guava-2.9.8.jar:/Users/dmitry.nahliuk/.m2/repository/com/fasterxml/jackson/core/jackson-core/2.9.8/jackson-core-2.9.8.jar:/Users/dmitry.nahliuk/.m2/repository/com/fasterxml/jackson/core/jackson-databind/2.9.8/jackson-databind-2.9.8.jar:/Users/dmitry.nahliuk/.m2/repository/com/fasterxml/jackson/core/jackson-annotations/2.9.0/jackson-annotations-2.9.0.jar:/Users/dmitry.nahliuk/.m2/repository/org/glassfish/jersey/core/jersey-client/2.22.2/jersey-client-2.22.2.jar:/Users/dmitry.nahliuk/.m2/repository/javax/ws/rs/javax.ws.rs-api/2.0.1/javax.ws.rs-api-2.0.1.jar:/Users/dmitry.nahliuk/.m2/repository/org/glassfish/jersey/core/jersey-common/2.22.2/jersey-common-2.22.2.jar:/Users/dmitry.nahliuk/.m2/repository/javax/annotation/javax.annotation-api/1.2/javax.annotation-api-1.2.jar:/Users/dmitry.nahliuk/.m2/repository/org/glassfish/jersey/bundles/repackaged/jersey-guava/2.22.2/jersey-guava-2.22.2.jar:/Users/dmitry.nahliuk/.m2/repository/org/glassfish/hk2/osgi-resource-locator/1.0.1/osgi-resource-locator-1.0.1.jar:/Users/dmitry.nahliuk/.m2/repository/org/glassfish/hk2/hk2-api/2.4.0-b34/hk2-api-2.4.0-b34.jar:/Users/dmitry.nahliuk/.m2/repository/org/glassfish/hk2/hk2-utils/2.4.0-b34/hk2-utils-2.4.0-b34.jar:/Users/dmitry.nahliuk/.m2/repository/org/glassfish/hk2/external/aopalliance-repackaged/2.4.0-b34/aopalliance-repackaged-2.4.0-b34.jar:/Users/dmitry.nahliuk/.m2/repository/org/glassfish/hk2/external/javax.inject/2.4.0-b34/javax.inject-2.4.0-b34.jar:/Users/dmitry.nahliuk/.m2/repository/org/glassfish/hk2/hk2-locator/2.4.0-b34/hk2-locator-2.4.0-b34.jar:/Users/dmitry.nahliuk/.m2/repository/org/glassfish/jersey/connectors/jersey-apache-connector/2.22.2/jersey-apache-connector-2.22.2.jar:/Users/dmitry.nahliuk/.m2/repository/org/glassfish/jersey/media/jersey-media-json-jackson/2.22.2/jersey-media-json-jackson-2.22.2.jar:/Users/dmitry.nahliuk/.m2/repository/org/glassfish/jersey/ext/jersey-entity-filtering/2.22.2/jersey-entity-filtering-2.22.2.jar:/Users/dmitry.nahliuk/.m2/repository/javax/activation/activation/1.1/activation-1.1.jar:/Users/dmitry.nahliuk/.m2/repository/org/apache/commons/commons-compress/1.18/commons-compress-1.18.jar:/Users/dmitry.nahliuk/.m2/repository/org/apache/httpcomponents/httpcore/4.4.5/httpcore-4.4.5.jar:/Users/dmitry.nahliuk/.m2/repository/com/github/jnr/jnr-unixsocket/0.18/jnr-unixsocket-0.18.jar:/Users/dmitry.nahliuk/.m2/repository/com/github/jnr/jnr-ffi/2.1.4/jnr-ffi-2.1.4.jar:/Users/dmitry.nahliuk/.m2/repository/com/github/jnr/jffi/1.2.15/jffi-1.2.15.jar:/Users/dmitry.nahliuk/.m2/repository/com/github/jnr/jffi/1.2.15/jffi-1.2.15-native.jar:/Users/dmitry.nahliuk/.m2/repository/org/ow2/asm/asm-commons/5.0.3/asm-commons-5.0.3.jar:/Users/dmitry.nahliuk/.m2/repository/org/ow2/asm/asm-analysis/5.0.3/asm-analysis-5.0.3.jar:/Users/dmitry.nahliuk/.m2/repository/org/ow2/asm/asm-tree/5.0.3/asm-tree-5.0.3.jar:/Users/dmitry.nahliuk/.m2/repository/org/ow2/asm/asm-util/5.0.3/asm-util-5.0.3.jar:/Users/dmitry.nahliuk/.m2/repository/com/github/jnr/jnr-x86asm/1.0.2/jnr-x86asm-1.0.2.jar:/Users/dmitry.nahliuk/.m2/repository/com/github/jnr/jnr-constants/0.9.8/jnr-constants-0.9.8.jar:/Users/dmitry.nahliuk/.m2/repository/com/github/jnr/jnr-enxio/0.16/jnr-enxio-0.16.jar:/Users/dmitry.nahliuk/.m2/repository/com/github/jnr/jnr-posix/3.0.35/jnr-posix-3.0.35.jar:/Users/dmitry.nahliuk/.m2/repository/commons-lang/commons-lang/2.6/commons-lang-2.6.jar:/Users/dmitry.nahliuk/.m2/repository/org/bouncycastle/bcpkix-jdk15on/1.60/bcpkix-jdk15on-1.60.jar:/Users/dmitry.nahliuk/.m2/repository/org/bouncycastle/bcprov-jdk15on/1.60/bcprov-jdk15on-1.60.jar:/Users/dmitry.nahliuk/.m2/repository/com/codeborne/phantomjsdriver/1.4.4/phantomjsdriver-1.4.4.jar:/Users/dmitry.nahliuk/.m2/repository/com/codeborne/selenide/5.6.0/selenide-5.6.0.jar:/Users/dmitry.nahliuk/.m2/repository/com/browserup/browserup-proxy-core/2.0.1/browserup-proxy-core-2.0.1.jar:/Users/dmitry.nahliuk/.m2/repository/com/browserup/browserup-proxy-mitm/2.0.1/browserup-proxy-mitm-2.0.1.jar:/Users/dmitry.nahliuk/.m2/repository/javax/xml/bind/jaxb-api/2.3.1/jaxb-api-2.3.1.jar:/Users/dmitry.nahliuk/.m2/repository/javax/activation/javax.activation-api/1.2.0/javax.activation-api-1.2.0.jar:/Users/dmitry.nahliuk/.m2/repository/com/jcraft/jzlib/1.1.3/jzlib-1.1.3.jar:/Users/dmitry.nahliuk/.m2/repository/dnsjava/dnsjava/2.1.9/dnsjava-2.1.9.jar:/Users/dmitry.nahliuk/.m2/repository/io/netty/netty-all/4.1.39.Final/netty-all-4.1.39.Final.jar:/Users/dmitry.nahliuk/.m2/repository/org/brotli/dec/0.1.2/dec-0.1.2.jar:/Users/dmitry.nahliuk/.m2/repository/org/javassist/javassist/3.25.0-GA/javassist-3.25.0-GA.jar:/Users/dmitry.nahliuk/.m2/repository/org/slf4j/jcl-over-slf4j/1.7.28/jcl-over-slf4j-1.7.28.jar:/Users/dmitry.nahliuk/.m2/repository/io/netty/netty-codec/4.1.42.Final/netty-codec-4.1.42.Final.jar:/Users/dmitry.nahliuk/.m2/repository/io/netty/netty-common/4.1.42.Final/netty-common-4.1.42.Final.jar:/Users/dmitry.nahliuk/.m2/repository/io/netty/netty-buffer/4.1.42.Final/netty-buffer-4.1.42.Final.jar:/Users/dmitry.nahliuk/.m2/repository/io/netty/netty-transport/4.1.42.Final/netty-transport-4.1.42.Final.jar:/Users/dmitry.nahliuk/.m2/repository/io/netty/netty-resolver/4.1.42.Final/netty-resolver-4.1.42.Final.jar:/Users/dmitry.nahliuk/.m2/repository/xyz/rogfam/littleproxy/2.0.0-beta-5/littleproxy-2.0.0-beta-5.jar:/Users/dmitry.nahliuk/.m2/repository/com/barchart/udt/barchart-udt-bundle/2.3.0/barchart-udt-bundle-2.3.0.jar:/Users/dmitry.nahliuk/.m2/repository/org/seleniumhq/selenium/htmlunit-driver/2.36.0/htmlunit-driver-2.36.0.jar:/Users/dmitry.nahliuk/.m2/repository/net/sourceforge/htmlunit/htmlunit/2.36.0/htmlunit-2.36.0.jar:/Users/dmitry.nahliuk/.m2/repository/xalan/xalan/2.7.2/xalan-2.7.2.jar:/Users/dmitry.nahliuk/.m2/repository/xalan/serializer/2.7.2/serializer-2.7.2.jar:/Users/dmitry.nahliuk/.m2/repository/org/apache/commons/commons-text/1.7/commons-text-1.7.jar:/Users/dmitry.nahliuk/.m2/repository/org/apache/httpcomponents/httpmime/4.5.9/httpmime-4.5.9.jar:/Users/dmitry.nahliuk/.m2/repository/net/sourceforge/htmlunit/htmlunit-core-js/2.36.0/htmlunit-core-js-2.36.0.jar:/Users/dmitry.nahliuk/.m2/repository/net/sourceforge/htmlunit/neko-htmlunit/2.36.0/neko-htmlunit-2.36.0.jar:/Users/dmitry.nahliuk/.m2/repository/xerces/xercesImpl/2.12.0/xercesImpl-2.12.0.jar:/Users/dmitry.nahliuk/.m2/repository/xml-apis/xml-apis/1.4.01/xml-apis-1.4.01.jar:/Users/dmitry.nahliuk/.m2/repository/net/sourceforge/htmlunit/htmlunit-cssparser/1.5.0/htmlunit-cssparser-1.5.0.jar:/Users/dmitry.nahliuk/.m2/repository/commons-net/commons-net/3.6/commons-net-3.6.jar:/Users/dmitry.nahliuk/.m2/repository/org/eclipse/jetty/websocket/websocket-client/9.4.20.v20190813/websocket-client-9.4.20.v20190813.jar:/Users/dmitry.nahliuk/.m2/repository/org/eclipse/jetty/jetty-client/9.4.20.v20190813/jetty-client-9.4.20.v20190813.jar:/Users/dmitry.nahliuk/.m2/repository/org/eclipse/jetty/jetty-http/9.4.20.v20190813/jetty-http-9.4.20.v20190813.jar:/Users/dmitry.nahliuk/.m2/repository/org/eclipse/jetty/jetty-xml/9.4.20.v20190813/jetty-xml-9.4.20.v20190813.jar:/Users/dmitry.nahliuk/.m2/repository/org/eclipse/jetty/jetty-util/9.4.20.v20190813/jetty-util-9.4.20.v20190813.jar:/Users/dmitry.nahliuk/.m2/repository/org/eclipse/jetty/jetty-io/9.4.20.v20190813/jetty-io-9.4.20.v20190813.jar:/Users/dmitry.nahliuk/.m2/repository/org/eclipse/jetty/websocket/websocket-common/9.4.20.v20190813/websocket-common-9.4.20.v20190813.jar:/Users/dmitry.nahliuk/.m2/repository/org/eclipse/jetty/websocket/websocket-api/9.4.20.v20190813/websocket-api-9.4.20.v20190813.jar:/Users/dmitry.nahliuk/.m2/repository/org/slf4j/slf4j-api/1.7.25/slf4j-api-1.7.25.jar:/Users/dmitry.nahliuk/.m2/repository/ch/qos/logback/logback-classic/1.2.3/logback-classic-1.2.3.jar:/Users/dmitry.nahliuk/.m2/repository/ch/qos/logback/logback-core/1.2.3/logback-core-1.2.3.jar:/Users/dmitry.nahliuk/.m2/repository/com/squareup/retrofit2/retrofit/2.5.0/retrofit-2.5.0.jar:/Users/dmitry.nahliuk/.m2/repository/com/squareup/retrofit2/adapter-rxjava/2.5.0/adapter-rxjava-2.5.0.jar:/Users/dmitry.nahliuk/.m2/repository/io/reactivex/rxjava/1.3.0/rxjava-1.3.0.jar:/Users/dmitry.nahliuk/.m2/repository/com/squareup/retrofit2/converter-gson/2.5.0/converter-gson-2.5.0.jar:/Users/dmitry.nahliuk/.m2/repository/io/github/bonigarcia/webdrivermanager/3.7.1/webdrivermanager-3.7.1.jar:/Users/dmitry.nahliuk/.m2/repository/com/google/code/gson/gson/2.8.5/gson-2.8.5.jar:/Users/dmitry.nahliuk/.m2/repository/org/apache/commons/commons-lang3/3.8.1/commons-lang3-3.8.1.jar:/Users/dmitry.nahliuk/.m2/repository/org/apache/httpcomponents/httpclient/4.5.6/httpclient-4.5.6.jar:/Users/dmitry.nahliuk/.m2/repository/commons-logging/commons-logging/1.2/commons-logging-1.2.jar:/Users/dmitry.nahliuk/.m2/repository/commons-codec/commons-codec/1.10/commons-codec-1.10.jar:/Users/dmitry.nahliuk/.m2/repository/org/rauschig/jarchivelib/1.0.0/jarchivelib-1.0.0.jar:/Users/dmitry.nahliuk/.m2/repository/org/jsoup/jsoup/1.11.3/jsoup-1.11.3.jar:/Users/dmitry.nahliuk/.m2/repository/log4j/log4j/1.2.17/log4j-1.2.17.jar:/Users/dmitry.nahliuk/.m2/repository/org/junit/jupiter/junit-jupiter-api/5.6.1/junit-jupiter-api-5.6.1.jar:/Users/dmitry.nahliuk/.m2/repository/org/apiguardian/apiguardian-api/1.1.0/apiguardian-api-1.1.0.jar:/Users/dmitry.nahliuk/.m2/repository/org/junit/platform/junit-platform-commons/1.6.1/junit-platform-commons-1.6.1.jar:/Users/dmitry.nahliuk/.m2/repository/org/junit/jupiter/junit-jupiter-engine/5.6.1/junit-jupiter-engine-5.6.1.jar:/Users/dmitry.nahliuk/.m2/repository/org/junit/platform/junit-platform-engine/1.6.0/junit-platform-engine-1.6.0.jar:/Users/dmitry.nahliuk/.m2/repository/org/junit/platform/junit-platform-suite-api/1.6.0/junit-platform-suite-api-1.6.0.jar:/Users/dmitry.nahliuk/.m2/repository/org/junit/platform/junit-platform-runner/1.6.0/junit-platform-runner-1.6.0.jar:/Users/dmitry.nahliuk/.m2/repository/junit/junit/4.13/junit-4.13.jar:/Users/dmitry.nahliuk/.m2/repository/org/hamcrest/hamcrest-core/1.3/hamcrest-core-1.3.jar:/Users/dmitry.nahliuk/.m2/repository/org/junit/platform/junit-platform-launcher/1.6.0/junit-platform-launcher-1.6.0.jar:/Users/dmitry.nahliuk/.m2/repository/org/opentest4j/opentest4j/1.2.0/opentest4j-1.2.0.jar:/Users/dmitry.nahliuk/.m2/repository/io/qameta/allure/allure-junit5/2.9.0/allure-junit5-2.9.0.jar:/Users/dmitry.nahliuk/.m2/repository/io/qameta/allure/allure-junit-platform/2.9.0/allure-junit-platform-2.9.0.jar:/Users/dmitry.nahliuk/.m2/repository/io/qameta/allure/allure-java-commons/2.9.0/allure-java-commons-2.9.0.jar:/Users/dmitry.nahliuk/.m2/repository/io/qameta/allure/allure-model/2.9.0/allure-model-2.9.0.jar:/Users/dmitry.nahliuk/.m2/repository/org/apache/tika/tika-core/1.19.1/tika-core-1.19.1.jar:/Users/dmitry.nahliuk/.m2/repository/org/aspectj/aspectjrt/1.9.1/aspectjrt-1.9.1.jar:/Users/dmitry.nahliuk/.m2/repository/org/jooq/joor-java-8/0.9.9/joor-java-8-0.9.9.jar:/Users/dmitry.nahliuk/.m2/repository/org/postgresql/postgresql/42.2.8/postgresql-42.2.8.jar:/Users/dmitry.nahliuk/.m2/repository/commons-io/commons-io/2.6/commons-io-2.6.jar:"/>
    <property name="sun.cpu.endian" value="little"/>
    <property name="user.home" value="/Users/dmitry.nahliuk"/>
    <property name="user.language" value="en"/>
    <property name="java.specification.vendor" value="Oracle Corporation"/>
    <property name="java.home" value="/Library/Java/JavaVirtualMachines/jdk1.8.0_231.jdk/Contents/Home/jre"/>
    <property name="basedir" value="/Users/dmitry.nahliuk/Projects/foxmindcourse"/>
    <property name="file.separator" value="/"/>
    <property name="line.separator" value="&#10;"/>
    <property name="java.vm.specification.vendor" value="Oracle Corporation"/>
    <property name="java.specification.name" value="Java Platform API Specification"/>
    <property name="PASSWORD" value="mX109inLvxD@5"/>
    <property name="java.awt.graphicsenv" value="sun.awt.CGraphicsEnvironment"/>
    <property name="surefire.real.class.path" value="/Users/dmitry.nahliuk/Projects/foxmindcourse/target/surefire/surefirebooter1529159371780483056.jar"/>
    <property name="sun.boot.class.path" value="/Library/Java/JavaVirtualMachines/jdk1.8.0_231.jdk/Contents/Home/jre/lib/resources.jar:/Library/Java/JavaVirtualMachines/jdk1.8.0_231.jdk/Contents/Home/jre/lib/rt.jar:/Library/Java/JavaVirtualMachines/jdk1.8.0_231.jdk/Contents/Home/jre/lib/sunrsasign.jar:/Library/Java/JavaVirtualMachines/jdk1.8.0_231.jdk/Contents/Home/jre/lib/jsse.jar:/Library/Java/JavaVirtualMachines/jdk1.8.0_231.jdk/Contents/Home/jre/lib/jce.jar:/Library/Java/JavaVirtualMachines/jdk1.8.0_231.jdk/Contents/Home/jre/lib/charsets.jar:/Library/Java/JavaVirtualMachines/jdk1.8.0_231.jdk/Contents/Home/jre/lib/jfr.jar:/Library/Java/JavaVirtualMachines/jdk1.8.0_231.jdk/Contents/Home/jre/classes"/>
    <property name="sun.management.compiler" value="HotSpot 64-Bit Tiered Compilers"/>
    <property name="ftp.nonProxyHosts" value="local|*.local|169.254/16|*.169.254/16"/>
    <property name="java.runtime.version" value="1.8.0_231-b11"/>
    <property name="user.name" value="dmitry.nahliuk"/>
    <property name="path.separator" value=":"/>
    <property name="URL" value="http://serviceacc.foxminded.com.ua/"/>
    <property name="os.version" value="10.15.4"/>
    <property name="java.endorsed.dirs" value="/Library/Java/JavaVirtualMachines/jdk1.8.0_231.jdk/Contents/Home/jre/lib/endorsed"/>
    <property name="java.runtime.name" value="Java(TM) SE Runtime Environment"/>
    <property name="DATABASE_URL" value="jdbc:postgresql://194.247.12.171:"/>
    <property name="file.encoding" value="UTF-8"/>
    <property name="java.vm.name" value="Java HotSpot(TM) 64-Bit Server VM"/>
    <property name="localRepository" value="/Users/dmitry.nahliuk/.m2/repository"/>
    <property name="java.vendor.url.bug" value="http://bugreport.sun.com/bugreport/"/>
    <property name="java.io.tmpdir" value="/var/folders/wp/84kx611j2nb6xnhprfgglk4dks0kbm/T/"/>
    <property name="DATABASE_NAME" value="fm_accounting_qa_db"/>
    <property name="java.version" value="1.8.0_231"/>
    <property name="user.dir" value="/Users/dmitry.nahliuk/Projects/foxmindcourse"/>
    <property name="os.arch" value="x86_64"/>
    <property name="DATABASE_PORT" value="5432/"/>
    <property name="java.vm.specification.name" value="Java Virtual Machine Specification"/>
    <property name="java.awt.printerjob" value="sun.lwawt.macosx.CPrinterJob"/>
    <property name="sun.os.patch.level" value="unknown"/>
    <property name="java.library.path" value="/Users/dmitry.nahliuk/Library/Java/Extensions:/Library/Java/Extensions:/Network/Library/Java/Extensions:/System/Library/Java/Extensions:/usr/lib/java:."/>
    <property name="java.vm.info" value="mixed mode"/>
    <property name="java.vendor" value="Oracle Corporation"/>
    <property name="java.vm.version" value="25.231-b11"/>
    <property name="java.ext.dirs" value="/Users/dmitry.nahliuk/Library/Java/Extensions:/Library/Java/JavaVirtualMachines/jdk1.8.0_231.jdk/Contents/Home/jre/lib/ext:/Library/Java/Extensions:/Network/Library/Java/Extensions:/System/Library/Java/Extensions:/usr/lib/java"/>
    <property name="sun.io.unicode.encoding" value="UnicodeBig"/>
    <property name="java.class.version" value="52.0"/>
    <property name="socksNonProxyHosts" value="local|*.local|169.254/16|*.169.254/16"/>
  </properties>
  <testcase name="deleteExtraFieldForClient" classname="Tests.ExtraFields.ExtraFieldsTests" time="77.076"/>
  <testcase name="createExtraFieldForClient" classname="Tests.ExtraFields.ExtraFieldsTests" time="46.03"/>
  <testcase name="createExtraFieldForEmployee" classname="Tests.ExtraFields.ExtraFieldsTests" time="46.633"/>
  <testcase name="deleteExtraFieldForEmployee" classname="Tests.ExtraFields.ExtraFieldsTests" time="78.046"/>
</testsuite>